<?xml version="1.0" encoding="UTF-8"?>
<!-- Generated by org.testng.reporters.JUnitXMLReporter -->
<testsuite ignored="0" hostname="Akshit_PC" failures="0" tests="5" name="Default test" time="48.023" errors="0" timestamp="2025-10-07T20:14:05 IST">
  <testcase classname="com.polymershop.tests.ProductListingTests" name="verifyProductGridDisplay" time="7.29"/>
  <testcase classname="com.polymershop.tests.ProductListingTests" name="verifyMensOuterwearCategory" time="2.232"/>
  <testcase classname="com.polymershop.tests.ProductListingTests" name="verifyLadiesOuterwearCategory" time="2.222"/>
  <testcase classname="com.polymershop.tests.ProductListingTests" name="verifyProductTitlesNotEmpty" time="7.236"/>
  <testcase classname="com.polymershop.tests.ProductListingTests" name="verifyProductSelection" time="12.295"/>
</testsuite> <!-- Default test -->
